

                            MrBayes v3.2.6 x64

                      (Bayesian Analysis of Phylogeny)

              Distributed under the GNU General Public License


               Type "help" or "help <command>" for information
                     on the commands that are available.

                   Type "about" for authorship and general
                       information about the program.


MrBayes > set autoclose=yes nowarn=yes

   Setting autoclose to yes
   Setting nowarnings to yes

MrBayes > execute GF00000099.mafft.nexus

   Executing file "GF00000099.mafft.nexus"
   UNIX line termination
   Longest line length = 87
   Parsing file
   Expecting NEXUS formatted file
   Reading data block
      Allocated taxon set
      Allocated matrix
      Defining new matrix with 3 taxa and 1809 characters
      Data is Protein
      Missing data coded as ?
      Gaps coded as -
      Taxon 1 -> MBI05766_MAGBIO
      Taxon 2 -> MBI10238_MAGBIO
      Taxon 3 -> MBI05765_MAGBIO
      Successfully read matrix
      Setting default partition (does not divide up characters)
      Setting model defaults
      Seed (for generating default start values) = 1696201543
      Setting output file names to "GF00000099.mafft.nexus.run<i>.<p|t>"
   Exiting data block
   Reached end of file

MrBayes > prset ratepr=variable

   Setting Ratepr to Variable [Dirichlet(..,1,..)]
   Successfully set prior model parameters

MrBayes > lset nst=6

   Nst =1 unchanged because dataType is not DNA or RNA
   Successfully set likelihood model parameters

MrBayes > mcmcp diagnfreq=100 samplefreq=10

   Setting diagnosing frequency to 100
   Setting sample frequency to 10
   Successfully set chain parameters

MrBayes > mcmc ngen=1100 savebrlens=yes nchains=1

   Setting number of generations to 1100
   Setting number of chains to 1
   Running Markov chain
   MCMC stamp = 0244176273
   Seed = 1696201543
   Swapseed = 1696201543
   Model settings:

      Data not partitioned --
         Datatype  = Protein
         Aamodel   = Poisson
                     Substitution rates are fixed to be equal
         Covarion  = No
         # States  = 20
                     State frequencies are fixed to be equal
         Rates     = Equal

   Active parameters: 

      Parameters
      ---------------------
      Statefreq           1
      Ratemultiplier      2
      Topology            3
      Brlens              4
      ---------------------

      1 --  Parameter  = Pi
            Type       = Stationary state frequencies
            Prior      = Fixed (equal frequencies)

      2 --  Parameter  = Ratemultiplier
            Type       = Partition-specific rate multiplier
            Prior      = Dirichlet(1.00)

      3 --  Parameter  = Tau
            Type       = Topology
            Prior      = All topologies equally probable a priori
            Subparam.  = V

      4 --  Parameter  = V
            Type       = Branch lengths
            Prior      = Unconstrained:GammaDir(1.0,0.1000,1.0,1.0)



   The MCMC sampler will use the following moves:
      With prob.  Chain will use move
         2.38 %   Dirichlet(Ratemultiplier)
         2.38 %   Slider(Ratemultiplier)
        63.49 %   Multiplier(V)
        22.22 %   Nodeslider(V)
         9.52 %   TLMultiplier(V)

   Division 1 has 213 unique site patterns
   Initializing conditional likelihoods
   Using standard SSE likelihood calculator for division 1 (single-precision)
   There must be at least four taxa in the analysis
   Error in command "Mcmc"

MrBayes > sumt

   Summarizing trees in files "GF00000099.mafft.nexus.run1.t" and "GF00000099.mafft.nexus.run2.t"
   Using relative burnin ('relburnin=yes'), discarding the first 25 % of sampled trees
   Writing statistics to files GF00000099.mafft.nexus.<parts|tstat|vstat|trprobs|con>
   Examining first file ...
   Could not open file "GF00000099.mafft.nexus.run1.t"
   Error in command "Sumt"

MrBayes > sump

   Summarizing parameters in files GF00000099.mafft.nexus.run1.p and GF00000099.mafft.nexus.run2.p
   Writing summary statistics to file GF00000099.mafft.nexus.pstat
   Using relative burnin ('relburnin=yes'), discarding the first 25 % of samples
   Could not open file "GF00000099.mafft.nexus.run1.p"
   Make sure that 'Nruns' is set correctly
   Error in command "Sump"

MrBayes > quit

   Deleting previously defined characters
   Deleting previously defined taxa
   Quitting program

